2025-02-15T14:08:05.844Z [ERROR]: Error Response - Status: 403, Message: Account blocked: Contact support for details, Error: No additional details
2025-02-15T14:10:27.476Z [ERROR]: Error Response - Status: 403, Message: Account Not Approved: Contact support for details, Error: No additional details
2025-02-15T14:10:29.698Z [ERROR]: Error Response - Status: 500, Message: Failed to refresh tokens, Error: No additional details
2025-02-15T14:10:29.705Z [ERROR]: Error Response - Status: 500, Message: Failed to refresh tokens, Error: No additional details
2025-02-15T14:24:29.875Z [ERROR]: Error Response - Status: 401, Message: Login failed. Please check your credentials., Error: No additional details
2025-02-15T14:24:39.649Z [ERROR]: Error Response - Status: 403, Message: Account Not Approved: nothing, Error: No additional details
2025-02-15T14:24:41.756Z [ERROR]: Error Response - Status: 401, Message: Login failed. Please check your credentials., Error: No additional details
2025-02-15T14:24:46.907Z [ERROR]: Error Response - Status: 403, Message: Account Not Approved: nothing, Error: No additional details
2025-02-15T14:25:06.253Z [ERROR]: Error Response - Status: 401, Message: Login failed. Please check your credentials., Error: No additional details
2025-02-15T14:25:33.646Z [ERROR]: Error Response - Status: 401, Message: Login failed. Please check your credentials., Error: No additional details
2025-02-15T14:26:04.185Z [ERROR]: Error Response - Status: 401, Message: Login failed. Please check your credentials., Error: No additional details
2025-02-15T14:26:04.192Z [ERROR]: Error Response - Status: 400, Message: Refresh token is required., Error: No additional details
2025-02-15T14:28:40.704Z [ERROR]: Error Response - Status: 401, Message: Login failed. Please check your credentials., Error: No additional details
2025-02-15T14:28:40.711Z [ERROR]: Error Response - Status: 400, Message: Refresh token is required., Error: No additional details
2025-02-15T14:28:44.321Z [ERROR]: Error Response - Status: 401, Message: Login failed. Please check your credentials., Error: No additional details
2025-02-15T14:28:44.335Z [ERROR]: Error Response - Status: 400, Message: Refresh token is required., Error: No additional details
2025-02-15T14:28:47.454Z [ERROR]: Error Response - Status: 401, Message: Login failed. Please check your credentials., Error: No additional details
2025-02-15T14:28:47.460Z [ERROR]: Error Response - Status: 400, Message: Refresh token is required., Error: No additional details
2025-02-15T14:31:51.974Z [ERROR]: Error Response - Status: 401, Message: Login failed. Please check your credentials., Error: No additional details
2025-02-15T14:31:51.989Z [ERROR]: Error Response - Status: 400, Message: Refresh token is required., Error: No additional details
2025-02-15T17:43:03.435Z [ERROR]: Error Response - Status: 400, Message: Refresh token is required., Error: No additional details
2025-02-15T17:43:03.453Z [ERROR]: Error Response - Status: 400, Message: Refresh token is required., Error: No additional details
2025-02-15T17:43:51.147Z [ERROR]: Error Response - Status: 403, Message: Account Not Approved: nothing, Error: No additional details
2025-02-15T17:44:07.411Z [ERROR]: Error Response - Status: 401, Message: Login failed. Please check your credentials., Error: No additional details
2025-02-15T17:44:09.776Z [ERROR]: Error Response - Status: 401, Message: Login failed. Please check your credentials., Error: No additional details
2025-02-15T17:55:24.264Z [ERROR]: Error Response - Status: 500, Message: Failed to refresh tokens, Error: No additional details
2025-02-15T17:55:24.270Z [ERROR]: Error Response - Status: 500, Message: Failed to refresh tokens, Error: No additional details
2025-02-15T17:55:27.053Z [ERROR]: Error Response - Status: 401, Message: Login failed. Please check your credentials., Error: No additional details
2025-02-15T18:02:06.237Z [ERROR]: Error Response - Status: 400, Message: Refresh token is required., Error: No additional details
2025-02-15T18:02:06.267Z [ERROR]: Error Response - Status: 400, Message: Refresh token is required., Error: No additional details
2025-02-15T18:19:55.663Z [ERROR]: Error Response - Status: 401, Message: Login failed. Please check your credentials., Error: No additional details
2025-02-15T18:38:58.941Z [ERROR]: Error Response - Status: 500, Message: Failed to refresh tokens, Error: No additional details
2025-02-15T18:38:58.964Z [ERROR]: Error Response - Status: 500, Message: Failed to refresh tokens, Error: No additional details
2025-02-15T18:39:01.494Z [ERROR]: Error Response - Status: 401, Message: Login failed. Please check your credentials., Error: No additional details
2025-02-15T18:42:48.309Z [ERROR]: Error Response - Status: 401, Message: Invalid credentials., Error: No additional details
2025-02-15T18:42:55.160Z [ERROR]: Error Response - Status: 401, Message: Invalid credentials., Error: No additional details
2025-02-15T18:42:56.491Z [ERROR]: Error Response - Status: 401, Message: Invalid credentials., Error: No additional details
2025-02-15T18:42:57.985Z [ERROR]: Error Response - Status: 401, Message: Invalid credentials., Error: No additional details
2025-02-15T18:43:19.944Z [ERROR]: Error Response - Status: 401, Message: Invalid credentials., Error: No additional details
2025-02-15T18:43:20.145Z [ERROR]: Error Response - Status: 401, Message: Invalid credentials., Error: No additional details
2025-02-15T18:43:20.152Z [ERROR]: Error Response - Status: 401, Message: Invalid credentials., Error: No additional details
2025-02-15T18:43:20.162Z [ERROR]: Error Response - Status: 401, Message: Invalid credentials., Error: No additional details
2025-02-15T18:43:20.670Z [ERROR]: Error Response - Status: 401, Message: Invalid credentials., Error: No additional details
2025-02-15T18:43:20.696Z [ERROR]: Error Response - Status: 401, Message: Invalid credentials., Error: No additional details
2025-02-15T18:43:20.712Z [ERROR]: Error Response - Status: 401, Message: Invalid credentials., Error: No additional details
2025-02-15T18:43:20.793Z [ERROR]: Error Response - Status: 401, Message: Invalid credentials., Error: No additional details
2025-02-15T18:43:24.545Z [ERROR]: Error Response - Status: 401, Message: Invalid credentials., Error: No additional details
2025-02-15T18:44:16.515Z [ERROR]: Error Response - Status: 401, Message: Login failed. Please check your credentials., Error: No additional details
2025-02-15T19:12:52.372Z [ERROR]: Error Response - Status: 401, Message: Invalid credentials., Error: No additional details
2025-02-15T19:12:52.411Z [ERROR]: Error Response - Status: 400, Message: Refresh token is required., Error: No additional details
2025-02-15T19:12:55.161Z [ERROR]: Error Response - Status: 401, Message: Invalid credentials., Error: No additional details
2025-02-15T19:12:55.192Z [ERROR]: Error Response - Status: 400, Message: Refresh token is required., Error: No additional details
2025-02-15T19:13:17.406Z [ERROR]: Error Response - Status: 400, Message: Refresh token is required., Error: No additional details
2025-02-15T19:13:17.412Z [ERROR]: Error Response - Status: 400, Message: Refresh token is required., Error: No additional details
2025-02-15T19:13:47.975Z [ERROR]: Error Response - Status: 400, Message: Refresh token is required., Error: No additional details
2025-02-15T19:13:47.983Z [ERROR]: Error Response - Status: 400, Message: Refresh token is required., Error: No additional details
2025-02-15T19:13:55.480Z [ERROR]: Error Response - Status: 400, Message: Refresh token is required., Error: No additional details
2025-02-15T19:13:55.575Z [ERROR]: Error Response - Status: 400, Message: Refresh token is required., Error: No additional details
2025-02-15T19:14:20.133Z [ERROR]: Error Response - Status: 400, Message: Refresh token is required., Error: No additional details
2025-02-15T19:14:20.137Z [ERROR]: Error Response - Status: 400, Message: Refresh token is required., Error: No additional details
2025-02-15T19:14:53.623Z [ERROR]: Error Response - Status: 400, Message: Refresh token is required., Error: No additional details
2025-02-15T19:14:53.669Z [ERROR]: Error Response - Status: 400, Message: Refresh token is required., Error: No additional details
2025-02-15T19:14:59.436Z [ERROR]: Error Response - Status: 400, Message: Refresh token is required., Error: No additional details
2025-02-15T19:14:59.466Z [ERROR]: Error Response - Status: 400, Message: Refresh token is required., Error: No additional details
2025-02-15T19:15:43.706Z [ERROR]: Error Response - Status: 400, Message: Refresh token is required., Error: No additional details
2025-02-15T19:15:43.719Z [ERROR]: Error Response - Status: 400, Message: Refresh token is required., Error: No additional details
2025-02-15T19:15:50.829Z [ERROR]: Error Response - Status: 400, Message: Refresh token is required., Error: No additional details
2025-02-15T19:15:50.833Z [ERROR]: Error Response - Status: 400, Message: Refresh token is required., Error: No additional details
2025-02-15T19:15:57.215Z [ERROR]: Error Response - Status: 400, Message: Refresh token is required., Error: No additional details
2025-02-15T19:15:57.222Z [ERROR]: Error Response - Status: 400, Message: Refresh token is required., Error: No additional details
2025-02-15T19:17:07.430Z [ERROR]: Error Response - Status: 404, Message: User not found., Error: No additional details
2025-02-15T19:17:11.242Z [ERROR]: Error Response - Status: 404, Message: User not found., Error: No additional details
2025-02-15T19:17:15.476Z [ERROR]: Error Response - Status: 401, Message: Invalid credentials., Error: No additional details
2025-02-15T19:17:15.503Z [ERROR]: Error Response - Status: 400, Message: Refresh token is required., Error: No additional details
2025-02-15T19:17:18.030Z [ERROR]: Error Response - Status: 401, Message: Invalid credentials., Error: No additional details
2025-02-15T19:17:18.054Z [ERROR]: Error Response - Status: 400, Message: Refresh token is required., Error: No additional details
2025-02-15T19:17:24.167Z [ERROR]: Error Response - Status: 401, Message: Invalid credentials., Error: No additional details
2025-02-15T19:17:24.190Z [ERROR]: Error Response - Status: 400, Message: Refresh token is required., Error: No additional details
2025-02-15T19:17:27.751Z [ERROR]: Error Response - Status: 401, Message: Invalid credentials., Error: No additional details
2025-02-15T19:17:27.773Z [ERROR]: Error Response - Status: 400, Message: Refresh token is required., Error: No additional details
2025-02-15T19:17:32.567Z [ERROR]: Error Response - Status: 401, Message: Login failed. Please check your credentials., Error: No additional details
2025-02-15T19:17:32.624Z [ERROR]: Error Response - Status: 400, Message: Refresh token is required., Error: No additional details
2025-02-15T19:30:36.760Z [ERROR]: Error Response - Status: 400, Message: Refresh token is required., Error: No additional details
2025-02-15T19:30:36.766Z [ERROR]: Error Response - Status: 400, Message: Refresh token is required., Error: No additional details
2025-02-15T19:31:34.276Z [ERROR]: Error Response - Status: 401, Message: Invalid credentials., Error: No additional details
2025-02-15T19:37:13.872Z [ERROR]: Error Response - Status: 400, Message: Refresh token is required., Error: No additional details
2025-02-15T19:37:13.881Z [ERROR]: Error Response - Status: 400, Message: Refresh token is required., Error: No additional details
2025-02-15T19:39:06.059Z [ERROR]: Error Response - Status: 400, Message: Refresh token is required., Error: No additional details
2025-02-15T19:39:06.093Z [ERROR]: Error Response - Status: 400, Message: Refresh token is required., Error: No additional details
2025-02-15T19:41:38.190Z [ERROR]: Error Response - Status: 400, Message: Refresh token is required., Error: No additional details
2025-02-15T19:41:38.198Z [ERROR]: Error Response - Status: 400, Message: Refresh token is required., Error: No additional details
2025-02-16T15:46:55.612Z [ERROR]: Error Response - Status: 401, Message: Login failed. Please check your credentials., Error: No additional details
2025-02-16T15:46:58.531Z [ERROR]: Error Response - Status: 401, Message: Login failed. Please check your credentials., Error: No additional details
2025-02-16T15:47:03.012Z [ERROR]: Error Response - Status: 401, Message: Login failed. Please check your credentials., Error: No additional details
2025-02-16T15:47:34.227Z [ERROR]: Error Response - Status: 400, Message: Refresh token is required., Error: No additional details
2025-02-16T15:47:34.279Z [ERROR]: Error Response - Status: 400, Message: Refresh token is required., Error: No additional details
2025-02-16T15:48:01.881Z [ERROR]: Error Response - Status: 401, Message: Login failed. Please check your credentials., Error: No additional details
2025-02-16T15:48:01.891Z [ERROR]: Error Response - Status: 400, Message: Refresh token is required., Error: No additional details
2025-02-16T15:48:18.345Z [ERROR]: Error Response - Status: 401, Message: Login failed. Please check your credentials., Error: No additional details
2025-02-16T15:48:18.357Z [ERROR]: Error Response - Status: 400, Message: Refresh token is required., Error: No additional details
2025-02-16T15:49:21.916Z [ERROR]: Error Response - Status: 403, Message: Account Not Approved: Contact support for details, Error: No additional details
2025-02-16T15:54:29.921Z [ERROR]: Error Response - Status: 400, Message: Branch validation failed: parentRestaurant: Path `parentRestaurant` is required., Error: No additional details
2025-02-16T15:54:35.961Z [ERROR]: Error Response - Status: 400, Message: Branch validation failed: parentRestaurant: Path `parentRestaurant` is required., Error: No additional details
2025-02-16T15:54:48.457Z [ERROR]: Error Response - Status: 400, Message: Branch validation failed: parentRestaurant: Path `parentRestaurant` is required., Error: No additional details
2025-02-16T15:55:46.460Z [ERROR]: Error Response - Status: 400, Message: Branch validation failed: parentRestaurant: Path `parentRestaurant` is required., Error: No additional details
2025-02-16T15:55:46.740Z [ERROR]: Error Response - Status: 400, Message: Branch validation failed: parentRestaurant: Path `parentRestaurant` is required., Error: No additional details
2025-02-16T15:56:06.206Z [ERROR]: Error Response - Status: 400, Message: Branch validation failed: parentRestaurant: Path `parentRestaurant` is required., Error: No additional details
2025-02-16T15:57:54.117Z [ERROR]: Error Response - Status: 400, Message: Branch validation failed: parentRestaurant: Path `parentRestaurant` is required., Error: No additional details
2025-02-16T16:30:29.744Z [ERROR]: Error Response - Status: 400, Message: Branch with this email already exists, Error: No additional details
2025-02-16T17:43:37.665Z [ERROR]: Error Response - Status: 500, Message: Login failed, Error: No additional details
2025-02-16T17:43:59.487Z [ERROR]: Error Response - Status: 500, Message: Login failed, Error: No additional details
2025-02-16T17:45:32.624Z [ERROR]: Error Response - Status: 500, Message: Login failed, Error: No additional details
2025-02-16T18:32:11.626Z [ERROR]: Error Response - Status: 401, Message: Login failed. Please check your credentials., Error: No additional details
2025-02-16T19:07:11.410Z [ERROR]: Error Response - Status: 401, Message: Login failed. Please check your credentials., Error: No additional details
2025-02-16T19:08:27.646Z [ERROR]: Error Response - Status: 401, Message: Login failed. Please check your credentials., Error: No additional details
2025-02-16T19:08:27.657Z [ERROR]: Error Response - Status: 400, Message: Refresh token is required., Error: No additional details
2025-02-16T19:08:29.998Z [ERROR]: Error Response - Status: 401, Message: Login failed. Please check your credentials., Error: No additional details
2025-02-16T19:08:30.007Z [ERROR]: Error Response - Status: 400, Message: Refresh token is required., Error: No additional details
2025-02-16T19:08:49.951Z [ERROR]: Error Response - Status: 401, Message: Login failed. Please check your credentials., Error: No additional details
2025-02-16T19:08:49.961Z [ERROR]: Error Response - Status: 400, Message: Refresh token is required., Error: No additional details
2025-02-16T19:38:53.362Z [ERROR]: Error Response - Status: 500, Message: Authentication data missing from request, Error: No additional details
2025-02-16T19:38:53.397Z [ERROR]: Error Response - Status: 500, Message: Authentication data missing from request, Error: No additional details
